
> starci-academy@0.1.0 build-storybook
> storybook build --output-dir=C:\Users\Hi\AppData\Local\Temp\chromatic--32688-ht05l5QtqnaS


[90m┌[39m  Building storybook v10.5.0
[90m│[39m
[32m◇[39m  Cleaning outputDir:
[90m│[39m  [36mC:/Users/Hi/AppData/Local/Temp/chromatic--32688-ht05l5QtqnaS[39m
[90m│[39m
[32m◇[39m  Loading presets
[90m│[39m
[32m◇[39m  Building manager..
[90m│[39m
[34m●[39m  Building open services..
[90m│[39m
[34m●[39m  Building preview..
[90m│[39m
[34m●[39m  Using implicit CSS loaders
[90m│[39m
[34m●[39m  Using SWC as compiler
[90m│[39m
[34m●[39m  Using default Webpack5 setup
[90m│[39m
[34m●[39m  Copying static files: [36mpublic[39m at
[90m│[39m  [36mC:\Users\Hi\AppData\Local\Temp\chromatic--32688-ht05l5QtqnaS[39m
[90m│[39m
[33m▲[39m  asset size limit: The following asset(s) exceed the recommended size
[90m│[39m  limit (244 KiB).
[90m│[39m  This can impact web performance.
[90m│[39m  Assets:
[90m│[39m  main.21d24286.iframe.bundle.js (1.35 MiB)
[90m│[39m  356.360c2001.iframe.bundle.js (427 KiB)
[90m│[39m  609.382e9dd0.iframe.bundle.js (812 KiB)
[90m│[39m  596.96a324dd.iframe.bundle.js (1.2 MiB)
[90m│[39m
[33m▲[39m  entrypoint size limit: The following entrypoint(s) combined asset size
[90m│[39m  exceeds the recommended limit (244 KiB). This can impact web
[90m│[39m  performance.
[90m│[39m  Entrypoints:
[90m│[39m  main (2.56 MiB)
[90m│[39m  runtime~main.e1c1d546.iframe.bundle.js
[90m│[39m  596.96a324dd.iframe.bundle.js
[90m│[39m  main.21d24286.iframe.bundle.js

[90m│[39m
[32m◇[39m  Output directory:
[90m│[39m  C:/Users/Hi/AppData/Local/Temp/chromatic--32688-ht05l5QtqnaS
[90m│[39m
[90m└[39m  Storybook build completed successfully

